2019
901
15
302
0
204
0
2276
1685
1662
0
36
0
240
0
75
0
201
0
0
271
194
0
0
105
75
270
30484
686
276
15
0
5
0
264
0
1738
32
348
131
264
456
708
0
189
0
605
199
311
0
I 1487390
591
I 258520
193
I 1165270
0
I 298140
18
I 213610
557
I 50510
24
I 998660
0
I 1740720
340
I 24720
932
I 439550
140
I 1507410
0
R
(R) Sopwith VR
R
(R) Have a Nice Death
R
(R) SPORE™ Galactic Adventures
R
(R) 'n Verlore Verstand
[0] 1507410 Coloring Book for Kids Mar/2021 50000 - 100000 0 0.0 1 [English, French, Italian, German, Arabic, Czech, Danish, Dutch, Hungarian, Japanese, Korean, Norwegian, Polish, Portuguese - Brazil, Romanian, Russian, Simplified Chinese, Spanish - Latin America, Swedish, Thai, Turkish, Vietnamese, Swedish, Thai, Traditional Chinese, Turkish, Ukrainian] null true true false 89% null Peaksel [Casual, Free to Play, Indie, Simulation, Early Access] 
